build/app/outputs/mapping/release/seeds.txt
com.example.myapp.MainActivity
com.example.myapp.MainActivity: MainActivity()
...
com.google.android.gms.internal.auth.zzgf: void zzg(int)
com.google.android.gms.internal.firebase-auth-api.zzaar: void zza(com.google.android.gms.internal.firebase-auth-api.zzaar,com.google.android.gms.internal.firebase-auth-api.zzagx,com.google.android.gms.internal.firebase-auth-api.zzael)
com.google.android.gms.internal.firebase-auth-api.zzbw: zzbw(com.google.android.gms.internal.firebase-auth-api.zzxh$zza)
com.google.android.gms.internal.firebase-auth-api.zzakj: long zzab()
com.google.android.gms.internal.firebase-auth-api.zzrh: java.lang.String toString()
com.google.android.recaptcha.internal.zzqk: java.lang.Object zzh(int,java.lang.Object,java.lang.Object)
com.google.android.gms.internal.firebase-auth-api.zzal: zzal()
kotlin.coroutines.jvm.internal.BaseContinuationImpl: kotlin.coroutines.Continuation create(kotlin.coroutines.Continuation)
id.flutter.flutter_background_service.Pipe$PipeListener: void onReceived(org.json.JSONObject)
com.google.android.recaptcha.internal.zzsz: java.lang.Object zzh(int,java.lang.Object,java.lang.Object)
com.google.android.gms.internal.firebase-auth-api.zzhp: int[] zzb(int[],int[])
com.google.android.recaptcha.internal.zzl: zzl(java.util.List,int,kotlin.jvm.internal.DefaultConstructorMarker)
com.google.android.gms.internal.firebase-auth-api.zzsj: com.google.android.gms.internal.firebase-auth-api.zzqe zza(com.google.android.gms.internal.firebase-auth-api.zzrh)
com.google.android.gms.internal.fido.zzbu: java.lang.Object[] zze()
com.google.android.gms.internal.firebase-auth-api.zzup: void zza(com.google.android.gms.internal.firebase-auth-api.zzup,com.google.android.gms.internal.firebase-auth-api.zzajv)
com.google.android.gms.internal.auth.zzhb: zzhb(com.google.android.gms.internal.auth.zzhd,int)
com.google.android.gms.internal.fido.zzbc: int zzh(int)
com.google.android.gms.internal.firebase-auth-api.zzli: com.google.android.gms.internal.firebase-auth-api.zzaaj zzd()
com.google.android.gms.internal.location.zzeg: com.google.android.gms.internal.location.zzeg zza(java.lang.String,com.google.android.gms.location.LocationRequest)
com.google.android.gms.internal.firebase-auth-api.zzja: com.google.android.gms.internal.firebase-auth-api.zzja$zza zzc()
com.google.android.gms.internal.location.zzan: void accept(java.lang.Object,java.lang.Object)
com.google.android.recaptcha.internal.zzkz: void zze(byte[],int,int,int)
com.google.android.gms.internal.firebase-auth-api.zzakn$zzc: void zzb(java.lang.String)
com.google.android.gms.internal.firebase-auth-api.zzsd: zzsd()
com.google.android.gms.internal.firebase-auth-api.zzjv: com.google.android.gms.internal.firebase-auth-api.zzbe zza(com.google.android.gms.internal.firebase-auth-api.zzof)
com.google.android.gms.internal.fido.zzax: java.util.List subList(int,int)
com.google.android.gms.internal.firebase-auth-api.zzvq: com.google.android.gms.internal.firebase-auth-api.zzvq$zza zzc()
com.google.android.gms.internal.firebase-auth-api.zzamq: void zza(java.lang.Object,com.google.android.gms.internal.firebase-auth-api.zzaol)
com.google.android.gms.internal.auth.zzdi: boolean equals(java.lang.Object)
com.google.android.gms.internal.auth-api.zbt: void zbe(com.google.android.gms.internal.auth-api.zbs,com.google.android.gms.internal.auth-api.zbu)
com.google.android.recaptcha.internal.zzij: zzij(com.google.android.recaptcha.internal.zzja)
com.google.android.gms.internal.location.zzu: void zzo(com.google.android.gms.location.zzad,com.google.android.gms.internal.location.zzee)
com.google.android.gms.internal.fido.zzc: zzc()
com.google.android.recaptcha.internal.zzmi: void zzg(int)
com.google.android.gms.internal.firebase-auth-api.zzaia: com.google.android.gms.internal.firebase-auth-api.zzaia zza(org.json.JSONArray)
com.google.android.recaptcha.internal.zzrd: int zze()
com.google.android.recaptcha.internal.zzex: zzex(com.google.android.recaptcha.internal.zzfm,int,kotlin.jvm.internal.DefaultConstructorMarker)