build/app/outputs/mapping/release/usage.txt
com.example.myapp.R$drawable
com.example.myapp.R$mipmap
com.example.myapp.R$string
com.example.myapp.R$style
com.example.myapp.R
...
com.google.firebase.firestore.model.AutoValue_FieldIndex:
    public static java.lang.String getCollectionGroup()
    public static int getIndexId()
    public static com.google.firebase.firestore.model.AutoValue_FieldIndex_IndexState getIndexState()
    public static java.util.List getSegments()
com.google.firebase.firestore.model.AutoValue_FieldIndex_IndexOffset:
    public static com.google.firebase.firestore.model.DocumentKey getDocumentKey()
    public static int getLargestBatchId()
    public static com.google.firebase.firestore.model.SnapshotVersion getReadTime()
com.google.firebase.firestore.model.AutoValue_FieldIndex_IndexState:
    public static com.google.firebase.firestore.model.AutoValue_FieldIndex_IndexOffset getOffset()
    public static long getSequenceNumber()
com.google.firebase.firestore.model.AutoValue_FieldIndex_Segment:
    public final int compareTo(com.google.firebase.firestore.model.AutoValue_FieldIndex_Segment)
    public static com.google.firebase.firestore.model.FieldPath getFieldPath()
    public static int getKind()
com.google.firebase.firestore.model.BasePath:
    public static long extractNumericId(java.lang.String)
    public static boolean isNumericId(java.lang.String)
    public abstract int length()
com.google.firebase.firestore.model.DatabaseId:
    public static final com.google.firebase.firestore.model.DatabaseId EMPTY
    static void <clinit>()
    public static int compareTo()
    public static java.lang.String getDatabaseId()
    public static java.lang.String getProjectId()
com.google.firebase.firestore.model.Document$$InternalSyntheticLambda$6$2975896fc83a5461ee9bc249303e9a3455f17def8e11fd3f276257db44f5b2fe$0
com.google.firebase.firestore.model.Document:
    public static final com.google.firebase.firestore.model.Document$$InternalSyntheticLambda$6$2975896fc83a5461ee9bc249303e9a3455f17def8e11fd3f276257db44f5b2fe$0 KEY_COMPARATOR
    static void <clinit>()
    public abstract com.google.firebase.firestore.model.ObjectValue getData()
    public abstract com.google.firestore.v1.Value getField()
    public abstract com.google.firebase.firestore.model.DocumentKey getKey()
    public abstract com.google.firebase.firestore.model.SnapshotVersion getReadTime()
    public abstract com.google.firebase.firestore.model.SnapshotVersion getVersion()
    public abstract boolean hasCommittedMutations()
    public abstract boolean hasLocalMutations()
    public abstract boolean hasPendingWrites()
    public abstract boolean isFoundDocument()
    public abstract boolean isNoDocument()
    public abstract boolean isUnknownDocument()
    public abstract com.google.firebase.firestore.model.MutableDocument mutableCopy()
com.google.firebase.firestore.model.DocumentKey:
    public static java.util.Comparator comparator()
    public final java.lang.String getCollectionGroup()
    public static java.lang.String getDocumentId()
    public static com.google.firebase.firestore.model.ResourcePath getPath()
    public static boolean hasCollectionId()
com.google.firebase.firestore.model.DocumentSet:
    public final com.google.firebase.firestore.model.DocumentSet add(com.google.firebase.firestore.model.Document)
    public static com.google.firebase.firestore.model.DocumentSet emptySet(com.google.firebase.firestore.core.Query$QueryComparator)
    public final com.google.firebase.firestore.model.Document getDocument(com.google.firebase.firestore.model.DocumentKey)
    public final com.google.firebase.firestore.model.Document getFirstDocument()
    public final com.google.firebase.firestore.model.Document getLastDocument()
    public final int indexOf(com.google.firebase.firestore.model.DocumentKey)
    public static boolean isEmpty()
    public static int size()
com.google.firebase.firestore.model.FieldIndex$IndexOffset
com.google.firebase.firestore.model.FieldIndex$IndexState